CRITICAL - 2022-09-17 09:20:05 --> Undefined property: App\Modules\User\Controllers\Home::$grafikModel
in APPPATH\Modules\User\Controllers\Home.php on line 13.
 1 APPPATH\Modules\User\Controllers\Home.php(13): CodeIgniter\Debug\Exceptions->errorHandler(2, 'Undefined property: App\\Modules\\User\\Controllers\\Home::$grafikModel', 'APPPATH\\Modules\\User\\Controllers\\Home.php', 13)
 2 SYSTEMPATH\CodeIgniter.php(907): App\Modules\User\Controllers\Home->index()
 3 SYSTEMPATH\CodeIgniter.php(457): CodeIgniter\CodeIgniter->runController(Object(App\Modules\User\Controllers\Home))
 4 SYSTEMPATH\CodeIgniter.php(340): CodeIgniter\CodeIgniter->handleRequest(null, Object(Config\Cache), false)
 5 FCPATH\index.php(67): CodeIgniter\CodeIgniter->run()
 6 SYSTEMPATH\Commands\Server\rewrite.php(43): require_once('FCPATH\\index.php')
CRITICAL - 2022-09-17 09:20:20 --> Undefined property: App\Modules\User\Controllers\Home::$grafikModel
in APPPATH\Modules\User\Controllers\Home.php on line 13.
 1 APPPATH\Modules\User\Controllers\Home.php(13): CodeIgniter\Debug\Exceptions->errorHandler(2, 'Undefined property: App\\Modules\\User\\Controllers\\Home::$grafikModel', 'APPPATH\\Modules\\User\\Controllers\\Home.php', 13)
 2 SYSTEMPATH\CodeIgniter.php(907): App\Modules\User\Controllers\Home->index()
 3 SYSTEMPATH\CodeIgniter.php(457): CodeIgniter\CodeIgniter->runController(Object(App\Modules\User\Controllers\Home))
 4 SYSTEMPATH\CodeIgniter.php(340): CodeIgniter\CodeIgniter->handleRequest(null, Object(Config\Cache), false)
 5 FCPATH\index.php(67): CodeIgniter\CodeIgniter->run()
 6 SYSTEMPATH\Commands\Server\rewrite.php(43): require_once('FCPATH\\index.php')
CRITICAL - 2022-09-17 09:21:31 --> Undefined property: App\Modules\User\Controllers\Home::$grafikModel
in APPPATH\Modules\User\Controllers\Home.php on line 13.
 1 APPPATH\Modules\User\Controllers\Home.php(13): CodeIgniter\Debug\Exceptions->errorHandler(2, 'Undefined property: App\\Modules\\User\\Controllers\\Home::$grafikModel', 'APPPATH\\Modules\\User\\Controllers\\Home.php', 13)
 2 SYSTEMPATH\CodeIgniter.php(907): App\Modules\User\Controllers\Home->index()
 3 SYSTEMPATH\CodeIgniter.php(457): CodeIgniter\CodeIgniter->runController(Object(App\Modules\User\Controllers\Home))
 4 SYSTEMPATH\CodeIgniter.php(340): CodeIgniter\CodeIgniter->handleRequest(null, Object(Config\Cache), false)
 5 FCPATH\index.php(67): CodeIgniter\CodeIgniter->run()
 6 SYSTEMPATH\Commands\Server\rewrite.php(43): require_once('FCPATH\\index.php')
ERROR - 2022-09-17 09:22:48 --> Error connecting to the database: mysqli_sql_exception: Access denied for user ''@'localhost' (using password: NO) in D:\App\XAMPP\htdocs\dashboard-data\system\Database\MySQLi\Connection.php:171
Stack trace:
#0 D:\App\XAMPP\htdocs\dashboard-data\system\Database\MySQLi\Connection.php(171): mysqli->real_connect('localhost', '', '', '', 3306, '', 0)
#1 D:\App\XAMPP\htdocs\dashboard-data\system\Database\BaseConnection.php(382): CodeIgniter\Database\MySQLi\Connection->connect(false)
#2 D:\App\XAMPP\htdocs\dashboard-data\system\Database\BaseConnection.php(588): CodeIgniter\Database\BaseConnection->initialize()
#3 D:\App\XAMPP\htdocs\dashboard-data\system\Database\BaseBuilder.php(1585): CodeIgniter\Database\BaseConnection->query('SELECT *\nFROM `...', Array, false)
#4 D:\App\XAMPP\htdocs\dashboard-data\system\Model.php(223): CodeIgniter\Database\BaseBuilder->get()
#5 D:\App\XAMPP\htdocs\dashboard-data\system\BaseModel.php(584): CodeIgniter\Model->doFindAll(0, 0)
#6 D:\App\XAMPP\htdocs\dashboard-data\app\Modules\User\Models\GrafikModel.php(15): CodeIgniter\BaseModel->findAll()
#7 D:\App\XAMPP\htdocs\dashboard-data\app\Modules\User\Controllers\Home.php(17): App\Modules\User\Models\GrafikModel->getGrafik()
#8 D:\App\XAMPP\htdocs\dashboard-data\system\CodeIgniter.php(907): App\Modules\User\Controllers\Home->index()
#9 D:\App\XAMPP\htdocs\dashboard-data\system\CodeIgniter.php(457): CodeIgniter\CodeIgniter->runController(Object(App\Modules\User\Controllers\Home))
#10 D:\App\XAMPP\htdocs\dashboard-data\system\CodeIgniter.php(340): CodeIgniter\CodeIgniter->handleRequest(NULL, Object(Config\Cache), false)
#11 D:\App\XAMPP\htdocs\dashboard-data\public\index.php(67): CodeIgniter\CodeIgniter->run()
#12 D:\App\XAMPP\htdocs\dashboard-data\system\Commands\Server\rewrite.php(43): require_once('D:\\App\\XAMPP\\ht...')
#13 {main}

Next CodeIgniter\Database\Exceptions\DatabaseException: Access denied for user ''@'localhost' (using password: NO) in D:\App\XAMPP\htdocs\dashboard-data\system\Database\MySQLi\Connection.php:215
Stack trace:
#0 D:\App\XAMPP\htdocs\dashboard-data\system\Database\BaseConnection.php(382): CodeIgniter\Database\MySQLi\Connection->connect(false)
#1 D:\App\XAMPP\htdocs\dashboard-data\system\Database\BaseConnection.php(588): CodeIgniter\Database\BaseConnection->initialize()
#2 D:\App\XAMPP\htdocs\dashboard-data\system\Database\BaseBuilder.php(1585): CodeIgniter\Database\BaseConnection->query('SELECT *\nFROM `...', Array, false)
#3 D:\App\XAMPP\htdocs\dashboard-data\system\Model.php(223): CodeIgniter\Database\BaseBuilder->get()
#4 D:\App\XAMPP\htdocs\dashboard-data\system\BaseModel.php(584): CodeIgniter\Model->doFindAll(0, 0)
#5 D:\App\XAMPP\htdocs\dashboard-data\app\Modules\User\Models\GrafikModel.php(15): CodeIgniter\BaseModel->findAll()
#6 D:\App\XAMPP\htdocs\dashboard-data\app\Modules\User\Controllers\Home.php(17): App\Modules\User\Models\GrafikModel->getGrafik()
#7 D:\App\XAMPP\htdocs\dashboard-data\system\CodeIgniter.php(907): App\Modules\User\Controllers\Home->index()
#8 D:\App\XAMPP\htdocs\dashboard-data\system\CodeIgniter.php(457): CodeIgniter\CodeIgniter->runController(Object(App\Modules\User\Controllers\Home))
#9 D:\App\XAMPP\htdocs\dashboard-data\system\CodeIgniter.php(340): CodeIgniter\CodeIgniter->handleRequest(NULL, Object(Config\Cache), false)
#10 D:\App\XAMPP\htdocs\dashboard-data\public\index.php(67): CodeIgniter\CodeIgniter->run()
#11 D:\App\XAMPP\htdocs\dashboard-data\system\Commands\Server\rewrite.php(43): require_once('D:\\App\\XAMPP\\ht...')
#12 {main}
CRITICAL - 2022-09-17 09:22:48 --> Unable to connect to the database.
Main connection [MySQLi]: Access denied for user ''@'localhost' (using password: NO)
in SYSTEMPATH\Database\BaseConnection.php on line 418.
 1 SYSTEMPATH\Database\BaseConnection.php(588): CodeIgniter\Database\BaseConnection->initialize()
 2 SYSTEMPATH\Database\BaseBuilder.php(1585): CodeIgniter\Database\BaseConnection->query('SELECT *
FROM `testing`', [], false)
 3 SYSTEMPATH\Model.php(223): CodeIgniter\Database\BaseBuilder->get()
 4 SYSTEMPATH\BaseModel.php(584): CodeIgniter\Model->doFindAll(0, 0)
 5 APPPATH\Modules\User\Models\GrafikModel.php(15): CodeIgniter\BaseModel->findAll()
 6 APPPATH\Modules\User\Controllers\Home.php(17): App\Modules\User\Models\GrafikModel->getGrafik()
 7 SYSTEMPATH\CodeIgniter.php(907): App\Modules\User\Controllers\Home->index()
 8 SYSTEMPATH\CodeIgniter.php(457): CodeIgniter\CodeIgniter->runController(Object(App\Modules\User\Controllers\Home))
 9 SYSTEMPATH\CodeIgniter.php(340): CodeIgniter\CodeIgniter->handleRequest(null, Object(Config\Cache), false)
10 FCPATH\index.php(67): CodeIgniter\CodeIgniter->run()
11 SYSTEMPATH\Commands\Server\rewrite.php(43): require_once('FCPATH\\index.php')
CRITICAL - 2022-09-17 09:25:10 --> Undefined variable $grafik
in APPPATH\Modules\User\Views\Grafik.php on line 49.
 1 APPPATH\Modules\User\Views\Grafik.php(49): CodeIgniter\Debug\Exceptions->errorHandler(2, 'Undefined variable $grafik', 'APPPATH\\Modules\\User\\Views\\Grafik.php', 49)
 2 SYSTEMPATH\View\View.php(213): include('APPPATH\\Modules\\User\\Views\\Grafik.php')
 3 SYSTEMPATH\View\View.php(216): CodeIgniter\View\View->CodeIgniter\View\{closure}()
 4 SYSTEMPATH\Common.php(1142): CodeIgniter\View\View->render('App\\Modules\\User\\Views\\Grafik', [], true)
 5 APPPATH\Modules\User\Controllers\Home.php(19): view('App\\Modules\\User\\Views\\Grafik', [...])
 6 SYSTEMPATH\CodeIgniter.php(907): App\Modules\User\Controllers\Home->index()
 7 SYSTEMPATH\CodeIgniter.php(457): CodeIgniter\CodeIgniter->runController(Object(App\Modules\User\Controllers\Home))
 8 SYSTEMPATH\CodeIgniter.php(340): CodeIgniter\CodeIgniter->handleRequest(null, Object(Config\Cache), false)
 9 FCPATH\index.php(67): CodeIgniter\CodeIgniter->run()
10 SYSTEMPATH\Commands\Server\rewrite.php(43): require_once('FCPATH\\index.php')
