CRITICAL - 2022-09-19 00:03:58 --> Trying to access array offset on value of type null
in APPPATH\Modules\User\Views\Tabel.php on line 54.
 1 APPPATH\Modules\User\Views\Tabel.php(54): CodeIgniter\Debug\Exceptions->errorHandler(2, 'Trying to access array offset on value of type null', 'APPPATH\\Modules\\User\\Views\\Tabel.php', 54)
 2 SYSTEMPATH\View\View.php(213): include('APPPATH\\Modules\\User\\Views\\Tabel.php')
 3 SYSTEMPATH\View\View.php(216): CodeIgniter\View\View->CodeIgniter\View\{closure}()
 4 SYSTEMPATH\Common.php(1142): CodeIgniter\View\View->render('App\\Modules\\User\\Views\\Tabel', [], true)
 5 APPPATH\Modules\User\Controllers\Tabel.php(21): view('App\\Modules\\User\\Views\\Tabel', [...])
 6 SYSTEMPATH\CodeIgniter.php(907): App\Modules\User\Controllers\Tabel->index()
 7 SYSTEMPATH\CodeIgniter.php(457): CodeIgniter\CodeIgniter->runController(Object(App\Modules\User\Controllers\Tabel))
 8 SYSTEMPATH\CodeIgniter.php(340): CodeIgniter\CodeIgniter->handleRequest(null, Object(Config\Cache), false)
 9 FCPATH\index.php(67): CodeIgniter\CodeIgniter->run()
10 SYSTEMPATH\Commands\Server\rewrite.php(43): require_once('FCPATH\\index.php')
CRITICAL - 2022-09-19 00:05:33 --> Trying to access array offset on value of type null
in APPPATH\Modules\User\Views\Tabel.php on line 54.
 1 APPPATH\Modules\User\Views\Tabel.php(54): CodeIgniter\Debug\Exceptions->errorHandler(2, 'Trying to access array offset on value of type null', 'APPPATH\\Modules\\User\\Views\\Tabel.php', 54)
 2 SYSTEMPATH\View\View.php(213): include('APPPATH\\Modules\\User\\Views\\Tabel.php')
 3 SYSTEMPATH\View\View.php(216): CodeIgniter\View\View->CodeIgniter\View\{closure}()
 4 SYSTEMPATH\Common.php(1142): CodeIgniter\View\View->render('App\\Modules\\User\\Views\\Tabel', [], true)
 5 APPPATH\Modules\User\Controllers\Tabel.php(21): view('App\\Modules\\User\\Views\\Tabel', [...])
 6 SYSTEMPATH\CodeIgniter.php(907): App\Modules\User\Controllers\Tabel->index()
 7 SYSTEMPATH\CodeIgniter.php(457): CodeIgniter\CodeIgniter->runController(Object(App\Modules\User\Controllers\Tabel))
 8 SYSTEMPATH\CodeIgniter.php(340): CodeIgniter\CodeIgniter->handleRequest(null, Object(Config\Cache), false)
 9 FCPATH\index.php(67): CodeIgniter\CodeIgniter->run()
10 SYSTEMPATH\Commands\Server\rewrite.php(43): require_once('FCPATH\\index.php')
CRITICAL - 2022-09-19 00:05:41 --> Trying to access array offset on value of type null
in APPPATH\Modules\User\Views\Tabel.php on line 54.
 1 APPPATH\Modules\User\Views\Tabel.php(54): CodeIgniter\Debug\Exceptions->errorHandler(2, 'Trying to access array offset on value of type null', 'APPPATH\\Modules\\User\\Views\\Tabel.php', 54)
 2 SYSTEMPATH\View\View.php(213): include('APPPATH\\Modules\\User\\Views\\Tabel.php')
 3 SYSTEMPATH\View\View.php(216): CodeIgniter\View\View->CodeIgniter\View\{closure}()
 4 SYSTEMPATH\Common.php(1142): CodeIgniter\View\View->render('App\\Modules\\User\\Views\\Tabel', [], true)
 5 APPPATH\Modules\User\Controllers\Tabel.php(21): view('App\\Modules\\User\\Views\\Tabel', [...])
 6 SYSTEMPATH\CodeIgniter.php(907): App\Modules\User\Controllers\Tabel->index()
 7 SYSTEMPATH\CodeIgniter.php(457): CodeIgniter\CodeIgniter->runController(Object(App\Modules\User\Controllers\Tabel))
 8 SYSTEMPATH\CodeIgniter.php(340): CodeIgniter\CodeIgniter->handleRequest(null, Object(Config\Cache), false)
 9 FCPATH\index.php(67): CodeIgniter\CodeIgniter->run()
10 SYSTEMPATH\Commands\Server\rewrite.php(43): require_once('FCPATH\\index.php')
CRITICAL - 2022-09-19 00:05:48 --> Trying to access array offset on value of type null
in APPPATH\Modules\User\Views\Tabel.php on line 54.
 1 APPPATH\Modules\User\Views\Tabel.php(54): CodeIgniter\Debug\Exceptions->errorHandler(2, 'Trying to access array offset on value of type null', 'APPPATH\\Modules\\User\\Views\\Tabel.php', 54)
 2 SYSTEMPATH\View\View.php(213): include('APPPATH\\Modules\\User\\Views\\Tabel.php')
 3 SYSTEMPATH\View\View.php(216): CodeIgniter\View\View->CodeIgniter\View\{closure}()
 4 SYSTEMPATH\Common.php(1142): CodeIgniter\View\View->render('App\\Modules\\User\\Views\\Tabel', [], true)
 5 APPPATH\Modules\User\Controllers\Tabel.php(21): view('App\\Modules\\User\\Views\\Tabel', [...])
 6 SYSTEMPATH\CodeIgniter.php(907): App\Modules\User\Controllers\Tabel->index()
 7 SYSTEMPATH\CodeIgniter.php(457): CodeIgniter\CodeIgniter->runController(Object(App\Modules\User\Controllers\Tabel))
 8 SYSTEMPATH\CodeIgniter.php(340): CodeIgniter\CodeIgniter->handleRequest(null, Object(Config\Cache), false)
 9 FCPATH\index.php(67): CodeIgniter\CodeIgniter->run()
10 SYSTEMPATH\Commands\Server\rewrite.php(43): require_once('FCPATH\\index.php')
CRITICAL - 2022-09-19 00:05:55 --> Trying to access array offset on value of type null
in APPPATH\Modules\User\Views\Tabel.php on line 55.
 1 APPPATH\Modules\User\Views\Tabel.php(55): CodeIgniter\Debug\Exceptions->errorHandler(2, 'Trying to access array offset on value of type null', 'APPPATH\\Modules\\User\\Views\\Tabel.php', 55)
 2 SYSTEMPATH\View\View.php(213): include('APPPATH\\Modules\\User\\Views\\Tabel.php')
 3 SYSTEMPATH\View\View.php(216): CodeIgniter\View\View->CodeIgniter\View\{closure}()
 4 SYSTEMPATH\Common.php(1142): CodeIgniter\View\View->render('App\\Modules\\User\\Views\\Tabel', [], true)
 5 APPPATH\Modules\User\Controllers\Tabel.php(21): view('App\\Modules\\User\\Views\\Tabel', [...])
 6 SYSTEMPATH\CodeIgniter.php(907): App\Modules\User\Controllers\Tabel->index()
 7 SYSTEMPATH\CodeIgniter.php(457): CodeIgniter\CodeIgniter->runController(Object(App\Modules\User\Controllers\Tabel))
 8 SYSTEMPATH\CodeIgniter.php(340): CodeIgniter\CodeIgniter->handleRequest(null, Object(Config\Cache), false)
 9 FCPATH\index.php(67): CodeIgniter\CodeIgniter->run()
10 SYSTEMPATH\Commands\Server\rewrite.php(43): require_once('FCPATH\\index.php')
CRITICAL - 2022-09-19 00:06:09 --> Trying to access array offset on value of type null
in APPPATH\Modules\User\Views\Tabel.php on line 54.
 1 APPPATH\Modules\User\Views\Tabel.php(54): CodeIgniter\Debug\Exceptions->errorHandler(2, 'Trying to access array offset on value of type null', 'APPPATH\\Modules\\User\\Views\\Tabel.php', 54)
 2 SYSTEMPATH\View\View.php(213): include('APPPATH\\Modules\\User\\Views\\Tabel.php')
 3 SYSTEMPATH\View\View.php(216): CodeIgniter\View\View->CodeIgniter\View\{closure}()
 4 SYSTEMPATH\Common.php(1142): CodeIgniter\View\View->render('App\\Modules\\User\\Views\\Tabel', [], true)
 5 APPPATH\Modules\User\Controllers\Tabel.php(21): view('App\\Modules\\User\\Views\\Tabel', [...])
 6 SYSTEMPATH\CodeIgniter.php(907): App\Modules\User\Controllers\Tabel->index()
 7 SYSTEMPATH\CodeIgniter.php(457): CodeIgniter\CodeIgniter->runController(Object(App\Modules\User\Controllers\Tabel))
 8 SYSTEMPATH\CodeIgniter.php(340): CodeIgniter\CodeIgniter->handleRequest(null, Object(Config\Cache), false)
 9 FCPATH\index.php(67): CodeIgniter\CodeIgniter->run()
10 SYSTEMPATH\Commands\Server\rewrite.php(43): require_once('FCPATH\\index.php')
CRITICAL - 2022-09-19 00:07:25 --> Trying to access array offset on value of type null
in APPPATH\Modules\User\Views\Tabel.php on line 54.
 1 APPPATH\Modules\User\Views\Tabel.php(54): CodeIgniter\Debug\Exceptions->errorHandler(2, 'Trying to access array offset on value of type null', 'APPPATH\\Modules\\User\\Views\\Tabel.php', 54)
 2 SYSTEMPATH\View\View.php(213): include('APPPATH\\Modules\\User\\Views\\Tabel.php')
 3 SYSTEMPATH\View\View.php(216): CodeIgniter\View\View->CodeIgniter\View\{closure}()
 4 SYSTEMPATH\Common.php(1142): CodeIgniter\View\View->render('App\\Modules\\User\\Views\\Tabel', [], true)
 5 APPPATH\Modules\User\Controllers\Tabel.php(21): view('App\\Modules\\User\\Views\\Tabel', [...])
 6 SYSTEMPATH\CodeIgniter.php(907): App\Modules\User\Controllers\Tabel->index()
 7 SYSTEMPATH\CodeIgniter.php(457): CodeIgniter\CodeIgniter->runController(Object(App\Modules\User\Controllers\Tabel))
 8 SYSTEMPATH\CodeIgniter.php(340): CodeIgniter\CodeIgniter->handleRequest(null, Object(Config\Cache), false)
 9 FCPATH\index.php(67): CodeIgniter\CodeIgniter->run()
10 SYSTEMPATH\Commands\Server\rewrite.php(43): require_once('FCPATH\\index.php')
CRITICAL - 2022-09-19 00:07:32 --> Trying to access array offset on value of type null
in APPPATH\Modules\User\Views\Tabel.php on line 54.
 1 APPPATH\Modules\User\Views\Tabel.php(54): CodeIgniter\Debug\Exceptions->errorHandler(2, 'Trying to access array offset on value of type null', 'APPPATH\\Modules\\User\\Views\\Tabel.php', 54)
 2 SYSTEMPATH\View\View.php(213): include('APPPATH\\Modules\\User\\Views\\Tabel.php')
 3 SYSTEMPATH\View\View.php(216): CodeIgniter\View\View->CodeIgniter\View\{closure}()
 4 SYSTEMPATH\Common.php(1142): CodeIgniter\View\View->render('App\\Modules\\User\\Views\\Tabel', [], true)
 5 APPPATH\Modules\User\Controllers\Tabel.php(21): view('App\\Modules\\User\\Views\\Tabel', [...])
 6 SYSTEMPATH\CodeIgniter.php(907): App\Modules\User\Controllers\Tabel->index()
 7 SYSTEMPATH\CodeIgniter.php(457): CodeIgniter\CodeIgniter->runController(Object(App\Modules\User\Controllers\Tabel))
 8 SYSTEMPATH\CodeIgniter.php(340): CodeIgniter\CodeIgniter->handleRequest(null, Object(Config\Cache), false)
 9 FCPATH\index.php(67): CodeIgniter\CodeIgniter->run()
10 SYSTEMPATH\Commands\Server\rewrite.php(43): require_once('FCPATH\\index.php')
CRITICAL - 2022-09-19 00:07:49 --> Trying to access array offset on value of type null
in APPPATH\Modules\User\Views\Tabel.php on line 54.
 1 APPPATH\Modules\User\Views\Tabel.php(54): CodeIgniter\Debug\Exceptions->errorHandler(2, 'Trying to access array offset on value of type null', 'APPPATH\\Modules\\User\\Views\\Tabel.php', 54)
 2 SYSTEMPATH\View\View.php(213): include('APPPATH\\Modules\\User\\Views\\Tabel.php')
 3 SYSTEMPATH\View\View.php(216): CodeIgniter\View\View->CodeIgniter\View\{closure}()
 4 SYSTEMPATH\Common.php(1142): CodeIgniter\View\View->render('App\\Modules\\User\\Views\\Tabel', [], true)
 5 APPPATH\Modules\User\Controllers\Tabel.php(21): view('App\\Modules\\User\\Views\\Tabel', [...])
 6 SYSTEMPATH\CodeIgniter.php(907): App\Modules\User\Controllers\Tabel->index()
 7 SYSTEMPATH\CodeIgniter.php(457): CodeIgniter\CodeIgniter->runController(Object(App\Modules\User\Controllers\Tabel))
 8 SYSTEMPATH\CodeIgniter.php(340): CodeIgniter\CodeIgniter->handleRequest(null, Object(Config\Cache), false)
 9 FCPATH\index.php(67): CodeIgniter\CodeIgniter->run()
10 SYSTEMPATH\Commands\Server\rewrite.php(43): require_once('FCPATH\\index.php')
CRITICAL - 2022-09-19 00:16:04 --> Trying to access array offset on value of type null
in APPPATH\Modules\User\Views\Tabel.php on line 54.
 1 APPPATH\Modules\User\Views\Tabel.php(54): CodeIgniter\Debug\Exceptions->errorHandler(2, 'Trying to access array offset on value of type null', 'APPPATH\\Modules\\User\\Views\\Tabel.php', 54)
 2 SYSTEMPATH\View\View.php(213): include('APPPATH\\Modules\\User\\Views\\Tabel.php')
 3 SYSTEMPATH\View\View.php(216): CodeIgniter\View\View->CodeIgniter\View\{closure}()
 4 SYSTEMPATH\Common.php(1142): CodeIgniter\View\View->render('App\\Modules\\User\\Views\\Tabel', [], true)
 5 APPPATH\Modules\User\Controllers\Tabel.php(21): view('App\\Modules\\User\\Views\\Tabel', [...])
 6 SYSTEMPATH\CodeIgniter.php(907): App\Modules\User\Controllers\Tabel->index()
 7 SYSTEMPATH\CodeIgniter.php(457): CodeIgniter\CodeIgniter->runController(Object(App\Modules\User\Controllers\Tabel))
 8 SYSTEMPATH\CodeIgniter.php(340): CodeIgniter\CodeIgniter->handleRequest(null, Object(Config\Cache), false)
 9 FCPATH\index.php(67): CodeIgniter\CodeIgniter->run()
10 SYSTEMPATH\Commands\Server\rewrite.php(43): require_once('FCPATH\\index.php')
CRITICAL - 2022-09-19 00:16:38 --> Trying to access array offset on value of type null
in APPPATH\Modules\User\Views\Tabel.php on line 54.
 1 APPPATH\Modules\User\Views\Tabel.php(54): CodeIgniter\Debug\Exceptions->errorHandler(2, 'Trying to access array offset on value of type null', 'APPPATH\\Modules\\User\\Views\\Tabel.php', 54)
 2 SYSTEMPATH\View\View.php(213): include('APPPATH\\Modules\\User\\Views\\Tabel.php')
 3 SYSTEMPATH\View\View.php(216): CodeIgniter\View\View->CodeIgniter\View\{closure}()
 4 SYSTEMPATH\Common.php(1142): CodeIgniter\View\View->render('App\\Modules\\User\\Views\\Tabel', [], true)
 5 APPPATH\Modules\User\Controllers\Tabel.php(21): view('App\\Modules\\User\\Views\\Tabel', [...])
 6 SYSTEMPATH\CodeIgniter.php(907): App\Modules\User\Controllers\Tabel->index()
 7 SYSTEMPATH\CodeIgniter.php(457): CodeIgniter\CodeIgniter->runController(Object(App\Modules\User\Controllers\Tabel))
 8 SYSTEMPATH\CodeIgniter.php(340): CodeIgniter\CodeIgniter->handleRequest(null, Object(Config\Cache), false)
 9 FCPATH\index.php(67): CodeIgniter\CodeIgniter->run()
10 SYSTEMPATH\Commands\Server\rewrite.php(43): require_once('FCPATH\\index.php')
CRITICAL - 2022-09-19 00:16:40 --> Trying to access array offset on value of type null
in APPPATH\Modules\User\Views\Tabel.php on line 54.
 1 APPPATH\Modules\User\Views\Tabel.php(54): CodeIgniter\Debug\Exceptions->errorHandler(2, 'Trying to access array offset on value of type null', 'APPPATH\\Modules\\User\\Views\\Tabel.php', 54)
 2 SYSTEMPATH\View\View.php(213): include('APPPATH\\Modules\\User\\Views\\Tabel.php')
 3 SYSTEMPATH\View\View.php(216): CodeIgniter\View\View->CodeIgniter\View\{closure}()
 4 SYSTEMPATH\Common.php(1142): CodeIgniter\View\View->render('App\\Modules\\User\\Views\\Tabel', [], true)
 5 APPPATH\Modules\User\Controllers\Tabel.php(21): view('App\\Modules\\User\\Views\\Tabel', [...])
 6 SYSTEMPATH\CodeIgniter.php(907): App\Modules\User\Controllers\Tabel->index()
 7 SYSTEMPATH\CodeIgniter.php(457): CodeIgniter\CodeIgniter->runController(Object(App\Modules\User\Controllers\Tabel))
 8 SYSTEMPATH\CodeIgniter.php(340): CodeIgniter\CodeIgniter->handleRequest(null, Object(Config\Cache), false)
 9 FCPATH\index.php(67): CodeIgniter\CodeIgniter->run()
10 SYSTEMPATH\Commands\Server\rewrite.php(43): require_once('FCPATH\\index.php')
CRITICAL - 2022-09-19 00:16:42 --> Trying to access array offset on value of type null
in APPPATH\Modules\User\Views\Tabel.php on line 54.
 1 APPPATH\Modules\User\Views\Tabel.php(54): CodeIgniter\Debug\Exceptions->errorHandler(2, 'Trying to access array offset on value of type null', 'APPPATH\\Modules\\User\\Views\\Tabel.php', 54)
 2 SYSTEMPATH\View\View.php(213): include('APPPATH\\Modules\\User\\Views\\Tabel.php')
 3 SYSTEMPATH\View\View.php(216): CodeIgniter\View\View->CodeIgniter\View\{closure}()
 4 SYSTEMPATH\Common.php(1142): CodeIgniter\View\View->render('App\\Modules\\User\\Views\\Tabel', [], true)
 5 APPPATH\Modules\User\Controllers\Tabel.php(21): view('App\\Modules\\User\\Views\\Tabel', [...])
 6 SYSTEMPATH\CodeIgniter.php(907): App\Modules\User\Controllers\Tabel->index()
 7 SYSTEMPATH\CodeIgniter.php(457): CodeIgniter\CodeIgniter->runController(Object(App\Modules\User\Controllers\Tabel))
 8 SYSTEMPATH\CodeIgniter.php(340): CodeIgniter\CodeIgniter->handleRequest(null, Object(Config\Cache), false)
 9 FCPATH\index.php(67): CodeIgniter\CodeIgniter->run()
10 SYSTEMPATH\Commands\Server\rewrite.php(43): require_once('FCPATH\\index.php')
CRITICAL - 2022-09-19 00:16:49 --> Trying to access array offset on value of type null
in APPPATH\Modules\User\Views\Tabel.php on line 54.
 1 APPPATH\Modules\User\Views\Tabel.php(54): CodeIgniter\Debug\Exceptions->errorHandler(2, 'Trying to access array offset on value of type null', 'APPPATH\\Modules\\User\\Views\\Tabel.php', 54)
 2 SYSTEMPATH\View\View.php(213): include('APPPATH\\Modules\\User\\Views\\Tabel.php')
 3 SYSTEMPATH\View\View.php(216): CodeIgniter\View\View->CodeIgniter\View\{closure}()
 4 SYSTEMPATH\Common.php(1142): CodeIgniter\View\View->render('App\\Modules\\User\\Views\\Tabel', [], true)
 5 APPPATH\Modules\User\Controllers\Tabel.php(21): view('App\\Modules\\User\\Views\\Tabel', [...])
 6 SYSTEMPATH\CodeIgniter.php(907): App\Modules\User\Controllers\Tabel->index()
 7 SYSTEMPATH\CodeIgniter.php(457): CodeIgniter\CodeIgniter->runController(Object(App\Modules\User\Controllers\Tabel))
 8 SYSTEMPATH\CodeIgniter.php(340): CodeIgniter\CodeIgniter->handleRequest(null, Object(Config\Cache), false)
 9 FCPATH\index.php(67): CodeIgniter\CodeIgniter->run()
10 SYSTEMPATH\Commands\Server\rewrite.php(43): require_once('FCPATH\\index.php')
