CRITICAL - 2022-09-18 21:19:30 --> Invalid file: App\Modules\Admin\Views\Grafik.php
in SYSTEMPATH\Exceptions\FrameworkException.php on line 33.
 1 SYSTEMPATH\View\View.php(201): CodeIgniter\Exceptions\FrameworkException::forInvalidFile('App\\Modules\\Admin\\Views\\Grafik.php')
 2 SYSTEMPATH\Common.php(1142): CodeIgniter\View\View->render('App\\Modules\\Admin\\Views\\Grafik', [], true)
 3 APPPATH\Modules\Admin\Controllers\Home.php(12): view('App\\Modules\\Admin\\Views\\Grafik')
 4 SYSTEMPATH\CodeIgniter.php(907): App\Modules\Admin\Controllers\Home->index()
 5 SYSTEMPATH\CodeIgniter.php(457): CodeIgniter\CodeIgniter->runController(Object(App\Modules\Admin\Controllers\Home))
 6 SYSTEMPATH\CodeIgniter.php(340): CodeIgniter\CodeIgniter->handleRequest(null, Object(Config\Cache), false)
 7 FCPATH\index.php(67): CodeIgniter\CodeIgniter->run()
 8 SYSTEMPATH\Commands\Server\rewrite.php(43): require_once('FCPATH\\index.php')
ERROR - 2022-09-18 23:11:44 --> Error connecting to the database: mysqli_sql_exception: Access denied for user 'magang'@'localhost' (using password: YES) in D:\App\XAMPP\htdocs\dashboard-data\system\Database\MySQLi\Connection.php:171
Stack trace:
#0 D:\App\XAMPP\htdocs\dashboard-data\system\Database\MySQLi\Connection.php(171): mysqli->real_connect('localhost', 'magang', 'magang2022', 'kemiskinan', 3306, '', 0)
#1 D:\App\XAMPP\htdocs\dashboard-data\system\Database\BaseConnection.php(382): CodeIgniter\Database\MySQLi\Connection->connect(false)
#2 D:\App\XAMPP\htdocs\dashboard-data\system\Database\BaseConnection.php(588): CodeIgniter\Database\BaseConnection->initialize()
#3 D:\App\XAMPP\htdocs\dashboard-data\system\Database\BaseBuilder.php(1585): CodeIgniter\Database\BaseConnection->query('SELECT *\nFROM `...', Array, false)
#4 D:\App\XAMPP\htdocs\dashboard-data\system\Model.php(223): CodeIgniter\Database\BaseBuilder->get()
#5 D:\App\XAMPP\htdocs\dashboard-data\system\BaseModel.php(584): CodeIgniter\Model->doFindAll(0, 0)
#6 D:\App\XAMPP\htdocs\dashboard-data\app\Modules\User\Models\GrafikModel.php(15): CodeIgniter\BaseModel->findAll()
#7 D:\App\XAMPP\htdocs\dashboard-data\app\Modules\User\Controllers\Home.php(17): App\Modules\User\Models\GrafikModel->getGrafik()
#8 D:\App\XAMPP\htdocs\dashboard-data\system\CodeIgniter.php(907): App\Modules\User\Controllers\Home->index()
#9 D:\App\XAMPP\htdocs\dashboard-data\system\CodeIgniter.php(457): CodeIgniter\CodeIgniter->runController(Object(App\Modules\User\Controllers\Home))
#10 D:\App\XAMPP\htdocs\dashboard-data\system\CodeIgniter.php(340): CodeIgniter\CodeIgniter->handleRequest(NULL, Object(Config\Cache), false)
#11 D:\App\XAMPP\htdocs\dashboard-data\public\index.php(67): CodeIgniter\CodeIgniter->run()
#12 D:\App\XAMPP\htdocs\dashboard-data\system\Commands\Server\rewrite.php(43): require_once('D:\\App\\XAMPP\\ht...')
#13 {main}

Next CodeIgniter\Database\Exceptions\DatabaseException: Access denied for user '****'@'localhost' (using password: YES) in D:\App\XAMPP\htdocs\dashboard-data\system\Database\MySQLi\Connection.php:215
Stack trace:
#0 D:\App\XAMPP\htdocs\dashboard-data\system\Database\BaseConnection.php(382): CodeIgniter\Database\MySQLi\Connection->connect(false)
#1 D:\App\XAMPP\htdocs\dashboard-data\system\Database\BaseConnection.php(588): CodeIgniter\Database\BaseConnection->initialize()
#2 D:\App\XAMPP\htdocs\dashboard-data\system\Database\BaseBuilder.php(1585): CodeIgniter\Database\BaseConnection->query('SELECT *\nFROM `...', Array, false)
#3 D:\App\XAMPP\htdocs\dashboard-data\system\Model.php(223): CodeIgniter\Database\BaseBuilder->get()
#4 D:\App\XAMPP\htdocs\dashboard-data\system\BaseModel.php(584): CodeIgniter\Model->doFindAll(0, 0)
#5 D:\App\XAMPP\htdocs\dashboard-data\app\Modules\User\Models\GrafikModel.php(15): CodeIgniter\BaseModel->findAll()
#6 D:\App\XAMPP\htdocs\dashboard-data\app\Modules\User\Controllers\Home.php(17): App\Modules\User\Models\GrafikModel->getGrafik()
#7 D:\App\XAMPP\htdocs\dashboard-data\system\CodeIgniter.php(907): App\Modules\User\Controllers\Home->index()
#8 D:\App\XAMPP\htdocs\dashboard-data\system\CodeIgniter.php(457): CodeIgniter\CodeIgniter->runController(Object(App\Modules\User\Controllers\Home))
#9 D:\App\XAMPP\htdocs\dashboard-data\system\CodeIgniter.php(340): CodeIgniter\CodeIgniter->handleRequest(NULL, Object(Config\Cache), false)
#10 D:\App\XAMPP\htdocs\dashboard-data\public\index.php(67): CodeIgniter\CodeIgniter->run()
#11 D:\App\XAMPP\htdocs\dashboard-data\system\Commands\Server\rewrite.php(43): require_once('D:\\App\\XAMPP\\ht...')
#12 {main}
CRITICAL - 2022-09-18 23:11:44 --> Unable to connect to the database.
Main connection [MySQLi]: Access denied for user '****'@'localhost' (using password: YES)
in SYSTEMPATH\Database\BaseConnection.php on line 418.
 1 SYSTEMPATH\Database\BaseConnection.php(588): CodeIgniter\Database\BaseConnection->initialize()
 2 SYSTEMPATH\Database\BaseBuilder.php(1585): CodeIgniter\Database\BaseConnection->query('SELECT *
FROM `testing`', [], false)
 3 SYSTEMPATH\Model.php(223): CodeIgniter\Database\BaseBuilder->get()
 4 SYSTEMPATH\BaseModel.php(584): CodeIgniter\Model->doFindAll(0, 0)
 5 APPPATH\Modules\User\Models\GrafikModel.php(15): CodeIgniter\BaseModel->findAll()
 6 APPPATH\Modules\User\Controllers\Home.php(17): App\Modules\User\Models\GrafikModel->getGrafik()
 7 SYSTEMPATH\CodeIgniter.php(907): App\Modules\User\Controllers\Home->index()
 8 SYSTEMPATH\CodeIgniter.php(457): CodeIgniter\CodeIgniter->runController(Object(App\Modules\User\Controllers\Home))
 9 SYSTEMPATH\CodeIgniter.php(340): CodeIgniter\CodeIgniter->handleRequest(null, Object(Config\Cache), false)
10 FCPATH\index.php(67): CodeIgniter\CodeIgniter->run()
11 SYSTEMPATH\Commands\Server\rewrite.php(43): require_once('FCPATH\\index.php')
ERROR - 2022-09-18 23:12:03 --> Error connecting to the database: mysqli_sql_exception: Unknown database 'kemiskinan' in D:\App\XAMPP\htdocs\dashboard-data\system\Database\MySQLi\Connection.php:171
Stack trace:
#0 D:\App\XAMPP\htdocs\dashboard-data\system\Database\MySQLi\Connection.php(171): mysqli->real_connect('localhost', 'root', '', 'kemiskinan', 3306, '', 0)
#1 D:\App\XAMPP\htdocs\dashboard-data\system\Database\BaseConnection.php(382): CodeIgniter\Database\MySQLi\Connection->connect(false)
#2 D:\App\XAMPP\htdocs\dashboard-data\system\Database\BaseConnection.php(588): CodeIgniter\Database\BaseConnection->initialize()
#3 D:\App\XAMPP\htdocs\dashboard-data\system\Database\BaseBuilder.php(1585): CodeIgniter\Database\BaseConnection->query('SELECT *\nFROM `...', Array, false)
#4 D:\App\XAMPP\htdocs\dashboard-data\system\Model.php(223): CodeIgniter\Database\BaseBuilder->get()
#5 D:\App\XAMPP\htdocs\dashboard-data\system\BaseModel.php(584): CodeIgniter\Model->doFindAll(0, 0)
#6 D:\App\XAMPP\htdocs\dashboard-data\app\Modules\User\Models\GrafikModel.php(15): CodeIgniter\BaseModel->findAll()
#7 D:\App\XAMPP\htdocs\dashboard-data\app\Modules\User\Controllers\Home.php(17): App\Modules\User\Models\GrafikModel->getGrafik()
#8 D:\App\XAMPP\htdocs\dashboard-data\system\CodeIgniter.php(907): App\Modules\User\Controllers\Home->index()
#9 D:\App\XAMPP\htdocs\dashboard-data\system\CodeIgniter.php(457): CodeIgniter\CodeIgniter->runController(Object(App\Modules\User\Controllers\Home))
#10 D:\App\XAMPP\htdocs\dashboard-data\system\CodeIgniter.php(340): CodeIgniter\CodeIgniter->handleRequest(NULL, Object(Config\Cache), false)
#11 D:\App\XAMPP\htdocs\dashboard-data\public\index.php(67): CodeIgniter\CodeIgniter->run()
#12 D:\App\XAMPP\htdocs\dashboard-data\system\Commands\Server\rewrite.php(43): require_once('D:\\App\\XAMPP\\ht...')
#13 {main}

Next CodeIgniter\Database\Exceptions\DatabaseException: Unknown database 'kemiskinan' in D:\App\XAMPP\htdocs\dashboard-data\system\Database\MySQLi\Connection.php:215
Stack trace:
#0 D:\App\XAMPP\htdocs\dashboard-data\system\Database\BaseConnection.php(382): CodeIgniter\Database\MySQLi\Connection->connect(false)
#1 D:\App\XAMPP\htdocs\dashboard-data\system\Database\BaseConnection.php(588): CodeIgniter\Database\BaseConnection->initialize()
#2 D:\App\XAMPP\htdocs\dashboard-data\system\Database\BaseBuilder.php(1585): CodeIgniter\Database\BaseConnection->query('SELECT *\nFROM `...', Array, false)
#3 D:\App\XAMPP\htdocs\dashboard-data\system\Model.php(223): CodeIgniter\Database\BaseBuilder->get()
#4 D:\App\XAMPP\htdocs\dashboard-data\system\BaseModel.php(584): CodeIgniter\Model->doFindAll(0, 0)
#5 D:\App\XAMPP\htdocs\dashboard-data\app\Modules\User\Models\GrafikModel.php(15): CodeIgniter\BaseModel->findAll()
#6 D:\App\XAMPP\htdocs\dashboard-data\app\Modules\User\Controllers\Home.php(17): App\Modules\User\Models\GrafikModel->getGrafik()
#7 D:\App\XAMPP\htdocs\dashboard-data\system\CodeIgniter.php(907): App\Modules\User\Controllers\Home->index()
#8 D:\App\XAMPP\htdocs\dashboard-data\system\CodeIgniter.php(457): CodeIgniter\CodeIgniter->runController(Object(App\Modules\User\Controllers\Home))
#9 D:\App\XAMPP\htdocs\dashboard-data\system\CodeIgniter.php(340): CodeIgniter\CodeIgniter->handleRequest(NULL, Object(Config\Cache), false)
#10 D:\App\XAMPP\htdocs\dashboard-data\public\index.php(67): CodeIgniter\CodeIgniter->run()
#11 D:\App\XAMPP\htdocs\dashboard-data\system\Commands\Server\rewrite.php(43): require_once('D:\\App\\XAMPP\\ht...')
#12 {main}
CRITICAL - 2022-09-18 23:12:03 --> Unable to connect to the database.
Main connection [MySQLi]: Unknown database 'kemiskinan'
in SYSTEMPATH\Database\BaseConnection.php on line 418.
 1 SYSTEMPATH\Database\BaseConnection.php(588): CodeIgniter\Database\BaseConnection->initialize()
 2 SYSTEMPATH\Database\BaseBuilder.php(1585): CodeIgniter\Database\BaseConnection->query('SELECT *
FROM `testing`', [], false)
 3 SYSTEMPATH\Model.php(223): CodeIgniter\Database\BaseBuilder->get()
 4 SYSTEMPATH\BaseModel.php(584): CodeIgniter\Model->doFindAll(0, 0)
 5 APPPATH\Modules\User\Models\GrafikModel.php(15): CodeIgniter\BaseModel->findAll()
 6 APPPATH\Modules\User\Controllers\Home.php(17): App\Modules\User\Models\GrafikModel->getGrafik()
 7 SYSTEMPATH\CodeIgniter.php(907): App\Modules\User\Controllers\Home->index()
 8 SYSTEMPATH\CodeIgniter.php(457): CodeIgniter\CodeIgniter->runController(Object(App\Modules\User\Controllers\Home))
 9 SYSTEMPATH\CodeIgniter.php(340): CodeIgniter\CodeIgniter->handleRequest(null, Object(Config\Cache), false)
10 FCPATH\index.php(67): CodeIgniter\CodeIgniter->run()
11 SYSTEMPATH\Commands\Server\rewrite.php(43): require_once('FCPATH\\index.php')
ERROR - 2022-09-18 23:12:04 --> Error connecting to the database: mysqli_sql_exception: Unknown database 'kemiskinan' in D:\App\XAMPP\htdocs\dashboard-data\system\Database\MySQLi\Connection.php:171
Stack trace:
#0 D:\App\XAMPP\htdocs\dashboard-data\system\Database\MySQLi\Connection.php(171): mysqli->real_connect('localhost', 'root', '', 'kemiskinan', 3306, '', 0)
#1 D:\App\XAMPP\htdocs\dashboard-data\system\Database\BaseConnection.php(382): CodeIgniter\Database\MySQLi\Connection->connect(false)
#2 D:\App\XAMPP\htdocs\dashboard-data\system\Database\BaseConnection.php(588): CodeIgniter\Database\BaseConnection->initialize()
#3 D:\App\XAMPP\htdocs\dashboard-data\system\Database\BaseBuilder.php(1585): CodeIgniter\Database\BaseConnection->query('SELECT *\nFROM `...', Array, false)
#4 D:\App\XAMPP\htdocs\dashboard-data\system\Model.php(223): CodeIgniter\Database\BaseBuilder->get()
#5 D:\App\XAMPP\htdocs\dashboard-data\system\BaseModel.php(584): CodeIgniter\Model->doFindAll(0, 0)
#6 D:\App\XAMPP\htdocs\dashboard-data\app\Modules\User\Models\GrafikModel.php(15): CodeIgniter\BaseModel->findAll()
#7 D:\App\XAMPP\htdocs\dashboard-data\app\Modules\User\Controllers\Home.php(17): App\Modules\User\Models\GrafikModel->getGrafik()
#8 D:\App\XAMPP\htdocs\dashboard-data\system\CodeIgniter.php(907): App\Modules\User\Controllers\Home->index()
#9 D:\App\XAMPP\htdocs\dashboard-data\system\CodeIgniter.php(457): CodeIgniter\CodeIgniter->runController(Object(App\Modules\User\Controllers\Home))
#10 D:\App\XAMPP\htdocs\dashboard-data\system\CodeIgniter.php(340): CodeIgniter\CodeIgniter->handleRequest(NULL, Object(Config\Cache), false)
#11 D:\App\XAMPP\htdocs\dashboard-data\public\index.php(67): CodeIgniter\CodeIgniter->run()
#12 D:\App\XAMPP\htdocs\dashboard-data\system\Commands\Server\rewrite.php(43): require_once('D:\\App\\XAMPP\\ht...')
#13 {main}

Next CodeIgniter\Database\Exceptions\DatabaseException: Unknown database 'kemiskinan' in D:\App\XAMPP\htdocs\dashboard-data\system\Database\MySQLi\Connection.php:215
Stack trace:
#0 D:\App\XAMPP\htdocs\dashboard-data\system\Database\BaseConnection.php(382): CodeIgniter\Database\MySQLi\Connection->connect(false)
#1 D:\App\XAMPP\htdocs\dashboard-data\system\Database\BaseConnection.php(588): CodeIgniter\Database\BaseConnection->initialize()
#2 D:\App\XAMPP\htdocs\dashboard-data\system\Database\BaseBuilder.php(1585): CodeIgniter\Database\BaseConnection->query('SELECT *\nFROM `...', Array, false)
#3 D:\App\XAMPP\htdocs\dashboard-data\system\Model.php(223): CodeIgniter\Database\BaseBuilder->get()
#4 D:\App\XAMPP\htdocs\dashboard-data\system\BaseModel.php(584): CodeIgniter\Model->doFindAll(0, 0)
#5 D:\App\XAMPP\htdocs\dashboard-data\app\Modules\User\Models\GrafikModel.php(15): CodeIgniter\BaseModel->findAll()
#6 D:\App\XAMPP\htdocs\dashboard-data\app\Modules\User\Controllers\Home.php(17): App\Modules\User\Models\GrafikModel->getGrafik()
#7 D:\App\XAMPP\htdocs\dashboard-data\system\CodeIgniter.php(907): App\Modules\User\Controllers\Home->index()
#8 D:\App\XAMPP\htdocs\dashboard-data\system\CodeIgniter.php(457): CodeIgniter\CodeIgniter->runController(Object(App\Modules\User\Controllers\Home))
#9 D:\App\XAMPP\htdocs\dashboard-data\system\CodeIgniter.php(340): CodeIgniter\CodeIgniter->handleRequest(NULL, Object(Config\Cache), false)
#10 D:\App\XAMPP\htdocs\dashboard-data\public\index.php(67): CodeIgniter\CodeIgniter->run()
#11 D:\App\XAMPP\htdocs\dashboard-data\system\Commands\Server\rewrite.php(43): require_once('D:\\App\\XAMPP\\ht...')
#12 {main}
CRITICAL - 2022-09-18 23:12:04 --> Unable to connect to the database.
Main connection [MySQLi]: Unknown database 'kemiskinan'
in SYSTEMPATH\Database\BaseConnection.php on line 418.
 1 SYSTEMPATH\Database\BaseConnection.php(588): CodeIgniter\Database\BaseConnection->initialize()
 2 SYSTEMPATH\Database\BaseBuilder.php(1585): CodeIgniter\Database\BaseConnection->query('SELECT *
FROM `testing`', [], false)
 3 SYSTEMPATH\Model.php(223): CodeIgniter\Database\BaseBuilder->get()
 4 SYSTEMPATH\BaseModel.php(584): CodeIgniter\Model->doFindAll(0, 0)
 5 APPPATH\Modules\User\Models\GrafikModel.php(15): CodeIgniter\BaseModel->findAll()
 6 APPPATH\Modules\User\Controllers\Home.php(17): App\Modules\User\Models\GrafikModel->getGrafik()
 7 SYSTEMPATH\CodeIgniter.php(907): App\Modules\User\Controllers\Home->index()
 8 SYSTEMPATH\CodeIgniter.php(457): CodeIgniter\CodeIgniter->runController(Object(App\Modules\User\Controllers\Home))
 9 SYSTEMPATH\CodeIgniter.php(340): CodeIgniter\CodeIgniter->handleRequest(null, Object(Config\Cache), false)
10 FCPATH\index.php(67): CodeIgniter\CodeIgniter->run()
11 SYSTEMPATH\Commands\Server\rewrite.php(43): require_once('FCPATH\\index.php')
ERROR - 2022-09-18 23:12:32 --> Error connecting to the database: mysqli_sql_exception: Access denied for user 'magang'@'localhost' (using password: YES) in D:\App\XAMPP\htdocs\dashboard-data\system\Database\MySQLi\Connection.php:171
Stack trace:
#0 D:\App\XAMPP\htdocs\dashboard-data\system\Database\MySQLi\Connection.php(171): mysqli->real_connect('localhost', 'magang', 'magang2022', 'kemiskinan', 3306, '', 0)
#1 D:\App\XAMPP\htdocs\dashboard-data\system\Database\BaseConnection.php(382): CodeIgniter\Database\MySQLi\Connection->connect(false)
#2 D:\App\XAMPP\htdocs\dashboard-data\system\Database\BaseConnection.php(588): CodeIgniter\Database\BaseConnection->initialize()
#3 D:\App\XAMPP\htdocs\dashboard-data\system\Database\BaseBuilder.php(1585): CodeIgniter\Database\BaseConnection->query('SELECT *\nFROM `...', Array, false)
#4 D:\App\XAMPP\htdocs\dashboard-data\system\Model.php(223): CodeIgniter\Database\BaseBuilder->get()
#5 D:\App\XAMPP\htdocs\dashboard-data\system\BaseModel.php(584): CodeIgniter\Model->doFindAll(0, 0)
#6 D:\App\XAMPP\htdocs\dashboard-data\app\Modules\User\Models\GrafikModel.php(15): CodeIgniter\BaseModel->findAll()
#7 D:\App\XAMPP\htdocs\dashboard-data\app\Modules\User\Controllers\Home.php(17): App\Modules\User\Models\GrafikModel->getGrafik()
#8 D:\App\XAMPP\htdocs\dashboard-data\system\CodeIgniter.php(907): App\Modules\User\Controllers\Home->index()
#9 D:\App\XAMPP\htdocs\dashboard-data\system\CodeIgniter.php(457): CodeIgniter\CodeIgniter->runController(Object(App\Modules\User\Controllers\Home))
#10 D:\App\XAMPP\htdocs\dashboard-data\system\CodeIgniter.php(340): CodeIgniter\CodeIgniter->handleRequest(NULL, Object(Config\Cache), false)
#11 D:\App\XAMPP\htdocs\dashboard-data\public\index.php(67): CodeIgniter\CodeIgniter->run()
#12 D:\App\XAMPP\htdocs\dashboard-data\system\Commands\Server\rewrite.php(43): require_once('D:\\App\\XAMPP\\ht...')
#13 {main}

Next CodeIgniter\Database\Exceptions\DatabaseException: Access denied for user '****'@'localhost' (using password: YES) in D:\App\XAMPP\htdocs\dashboard-data\system\Database\MySQLi\Connection.php:215
Stack trace:
#0 D:\App\XAMPP\htdocs\dashboard-data\system\Database\BaseConnection.php(382): CodeIgniter\Database\MySQLi\Connection->connect(false)
#1 D:\App\XAMPP\htdocs\dashboard-data\system\Database\BaseConnection.php(588): CodeIgniter\Database\BaseConnection->initialize()
#2 D:\App\XAMPP\htdocs\dashboard-data\system\Database\BaseBuilder.php(1585): CodeIgniter\Database\BaseConnection->query('SELECT *\nFROM `...', Array, false)
#3 D:\App\XAMPP\htdocs\dashboard-data\system\Model.php(223): CodeIgniter\Database\BaseBuilder->get()
#4 D:\App\XAMPP\htdocs\dashboard-data\system\BaseModel.php(584): CodeIgniter\Model->doFindAll(0, 0)
#5 D:\App\XAMPP\htdocs\dashboard-data\app\Modules\User\Models\GrafikModel.php(15): CodeIgniter\BaseModel->findAll()
#6 D:\App\XAMPP\htdocs\dashboard-data\app\Modules\User\Controllers\Home.php(17): App\Modules\User\Models\GrafikModel->getGrafik()
#7 D:\App\XAMPP\htdocs\dashboard-data\system\CodeIgniter.php(907): App\Modules\User\Controllers\Home->index()
#8 D:\App\XAMPP\htdocs\dashboard-data\system\CodeIgniter.php(457): CodeIgniter\CodeIgniter->runController(Object(App\Modules\User\Controllers\Home))
#9 D:\App\XAMPP\htdocs\dashboard-data\system\CodeIgniter.php(340): CodeIgniter\CodeIgniter->handleRequest(NULL, Object(Config\Cache), false)
#10 D:\App\XAMPP\htdocs\dashboard-data\public\index.php(67): CodeIgniter\CodeIgniter->run()
#11 D:\App\XAMPP\htdocs\dashboard-data\system\Commands\Server\rewrite.php(43): require_once('D:\\App\\XAMPP\\ht...')
#12 {main}
CRITICAL - 2022-09-18 23:12:32 --> Unable to connect to the database.
Main connection [MySQLi]: Access denied for user '****'@'localhost' (using password: YES)
in SYSTEMPATH\Database\BaseConnection.php on line 418.
 1 SYSTEMPATH\Database\BaseConnection.php(588): CodeIgniter\Database\BaseConnection->initialize()
 2 SYSTEMPATH\Database\BaseBuilder.php(1585): CodeIgniter\Database\BaseConnection->query('SELECT *
FROM `testing`', [], false)
 3 SYSTEMPATH\Model.php(223): CodeIgniter\Database\BaseBuilder->get()
 4 SYSTEMPATH\BaseModel.php(584): CodeIgniter\Model->doFindAll(0, 0)
 5 APPPATH\Modules\User\Models\GrafikModel.php(15): CodeIgniter\BaseModel->findAll()
 6 APPPATH\Modules\User\Controllers\Home.php(17): App\Modules\User\Models\GrafikModel->getGrafik()
 7 SYSTEMPATH\CodeIgniter.php(907): App\Modules\User\Controllers\Home->index()
 8 SYSTEMPATH\CodeIgniter.php(457): CodeIgniter\CodeIgniter->runController(Object(App\Modules\User\Controllers\Home))
 9 SYSTEMPATH\CodeIgniter.php(340): CodeIgniter\CodeIgniter->handleRequest(null, Object(Config\Cache), false)
10 FCPATH\index.php(67): CodeIgniter\CodeIgniter->run()
11 SYSTEMPATH\Commands\Server\rewrite.php(43): require_once('FCPATH\\index.php')
ERROR - 2022-09-18 23:13:56 --> mysqli_sql_exception: Table 'kemiskinan.testing' doesn't exist in D:\App\XAMPP\htdocs\dashboard-data\system\Database\MySQLi\Connection.php:292
Stack trace:
#0 D:\App\XAMPP\htdocs\dashboard-data\system\Database\MySQLi\Connection.php(292): mysqli->query('SELECT *\nFROM `...', 0)
#1 D:\App\XAMPP\htdocs\dashboard-data\system\Database\BaseConnection.php(693): CodeIgniter\Database\MySQLi\Connection->execute('SELECT *\nFROM `...')
#2 D:\App\XAMPP\htdocs\dashboard-data\system\Database\BaseConnection.php(620): CodeIgniter\Database\BaseConnection->simpleQuery('SELECT *\nFROM `...')
#3 D:\App\XAMPP\htdocs\dashboard-data\system\Database\BaseBuilder.php(1585): CodeIgniter\Database\BaseConnection->query('SELECT *\nFROM `...', Array, false)
#4 D:\App\XAMPP\htdocs\dashboard-data\system\Model.php(223): CodeIgniter\Database\BaseBuilder->get()
#5 D:\App\XAMPP\htdocs\dashboard-data\system\BaseModel.php(584): CodeIgniter\Model->doFindAll(0, 0)
#6 D:\App\XAMPP\htdocs\dashboard-data\app\Modules\User\Models\GrafikModel.php(15): CodeIgniter\BaseModel->findAll()
#7 D:\App\XAMPP\htdocs\dashboard-data\app\Modules\User\Controllers\Home.php(17): App\Modules\User\Models\GrafikModel->getGrafik()
#8 D:\App\XAMPP\htdocs\dashboard-data\system\CodeIgniter.php(907): App\Modules\User\Controllers\Home->index()
#9 D:\App\XAMPP\htdocs\dashboard-data\system\CodeIgniter.php(457): CodeIgniter\CodeIgniter->runController(Object(App\Modules\User\Controllers\Home))
#10 D:\App\XAMPP\htdocs\dashboard-data\system\CodeIgniter.php(340): CodeIgniter\CodeIgniter->handleRequest(NULL, Object(Config\Cache), false)
#11 D:\App\XAMPP\htdocs\dashboard-data\public\index.php(67): CodeIgniter\CodeIgniter->run()
#12 D:\App\XAMPP\htdocs\dashboard-data\system\Commands\Server\rewrite.php(43): require_once('D:\\App\\XAMPP\\ht...')
#13 {main}
CRITICAL - 2022-09-18 23:13:56 --> Table 'kemiskinan.testing' doesn't exist
in SYSTEMPATH\Database\MySQLi\Connection.php on line 292.
 1 SYSTEMPATH\Database\MySQLi\Connection.php(292): mysqli->query('SELECT *
FROM `testing`', 0)
 2 SYSTEMPATH\Database\BaseConnection.php(693): CodeIgniter\Database\MySQLi\Connection->execute('SELECT *
FROM `testing`')
 3 SYSTEMPATH\Database\BaseConnection.php(620): CodeIgniter\Database\BaseConnection->simpleQuery('SELECT *
FROM `testing`')
 4 SYSTEMPATH\Database\BaseBuilder.php(1585): CodeIgniter\Database\BaseConnection->query('SELECT *
FROM `testing`', [], false)
 5 SYSTEMPATH\Model.php(223): CodeIgniter\Database\BaseBuilder->get()
 6 SYSTEMPATH\BaseModel.php(584): CodeIgniter\Model->doFindAll(0, 0)
 7 APPPATH\Modules\User\Models\GrafikModel.php(15): CodeIgniter\BaseModel->findAll()
 8 APPPATH\Modules\User\Controllers\Home.php(17): App\Modules\User\Models\GrafikModel->getGrafik()
 9 SYSTEMPATH\CodeIgniter.php(907): App\Modules\User\Controllers\Home->index()
10 SYSTEMPATH\CodeIgniter.php(457): CodeIgniter\CodeIgniter->runController(Object(App\Modules\User\Controllers\Home))
11 SYSTEMPATH\CodeIgniter.php(340): CodeIgniter\CodeIgniter->handleRequest(null, Object(Config\Cache), false)
12 FCPATH\index.php(67): CodeIgniter\CodeIgniter->run()
13 SYSTEMPATH\Commands\Server\rewrite.php(43): require_once('FCPATH\\index.php')
CRITICAL - 2022-09-18 23:28:49 --> Maximum execution time of 120 seconds exceeded
in SYSTEMPATH\Database\MySQLi\Connection.php on line 292.
 1 [internal function]: CodeIgniter\Debug\Exceptions->shutdownHandler()
CRITICAL - 2022-09-18 23:29:18 --> Allowed memory size of 536870912 bytes exhausted (tried to allocate 14680288 bytes)
in SYSTEMPATH\ThirdParty\Kint\Renderer\RichRenderer.php on line 564.
 1 [internal function]: CodeIgniter\Debug\Exceptions->shutdownHandler()
CRITICAL - 2022-09-18 23:33:57 --> Maximum execution time of 120 seconds exceeded
in SYSTEMPATH\Database\MySQLi\Connection.php on line 292.
 1 [internal function]: CodeIgniter\Debug\Exceptions->shutdownHandler()
